0 info it worked if it ends with ok
1 verbose cli [ '/home/ubuntu/.nvm/versions/node/v6.7.0/bin/node',
1 verbose cli   '/home/ubuntu/.nvm/versions/node/v6.7.0/bin/npm',
1 verbose cli   'run',
1 verbose cli   'lite' ]
2 info using npm@3.10.3
3 info using node@v6.7.0
4 verbose run-script [ 'prelite', 'lite', 'postlite' ]
5 info lifecycle a2website@1.0.0~prelite: a2website@1.0.0
6 silly lifecycle a2website@1.0.0~prelite: no script for prelite, continuing
7 info lifecycle a2website@1.0.0~lite: a2website@1.0.0
8 verbose lifecycle a2website@1.0.0~lite: unsafe-perm in lifecycle true
9 verbose lifecycle a2website@1.0.0~lite: PATH: /home/ubuntu/.nvm/versions/node/v6.7.0/lib/node_modules/npm/bin/node-gyp-bin:/home/ubuntu/workspace/udemy_ang2-12/a2website/node_modules/.bin:/home/ubuntu/.nvm/versions/node/v6.7.0/bin:/home/ubuntu/.nvm/versions/node/v6.7.0/lib/node_modules/npm/bin/node-gyp-bin:/home/ubuntu/workspace/udemy_ang2-12/a2website/node_modules/.bin:/home/ubuntu/.nvm/versions/node/v6.7.0/bin:/home/ubuntu/.nvm/versions/node/v6.7.0/bin:/usr/local/rvm/gems/ruby-2.3.0/bin:/usr/local/rvm/gems/ruby-2.3.0@global/bin:/usr/local/rvm/rubies/ruby-2.3.0/bin:/mnt/shared/bin:/home/ubuntu/workspace/node_modules/.bin:/home/ubuntu/bin:/usr/local/sbin:/usr/local/bin:/usr/sbin:/usr/bin:/sbin:/bin:/mnt/shared/sbin:/opt/gitl:/opt/go/bin:/mnt/shared/c9/app.nw/bin:/usr/local/rvm/bin
10 verbose lifecycle a2website@1.0.0~lite: CWD: /home/ubuntu/workspace/udemy_ang2-12/a2website
11 silly lifecycle a2website@1.0.0~lite: Args: [ '-c', 'lite-server' ]
12 silly lifecycle a2website@1.0.0~lite: Returned: code: 1  signal: null
13 info lifecycle a2website@1.0.0~lite: Failed to exec lite script
14 verbose stack Error: a2website@1.0.0 lite: `lite-server`
14 verbose stack Exit status 1
14 verbose stack     at EventEmitter.<anonymous> (/home/ubuntu/.nvm/versions/node/v6.7.0/lib/node_modules/npm/lib/utils/lifecycle.js:242:16)
14 verbose stack     at emitTwo (events.js:106:13)
14 verbose stack     at EventEmitter.emit (events.js:191:7)
14 verbose stack     at ChildProcess.<anonymous> (/home/ubuntu/.nvm/versions/node/v6.7.0/lib/node_modules/npm/lib/utils/spawn.js:40:14)
14 verbose stack     at emitTwo (events.js:106:13)
14 verbose stack     at ChildProcess.emit (events.js:191:7)
14 verbose stack     at maybeClose (internal/child_process.js:877:16)
14 verbose stack     at Process.ChildProcess._handle.onexit (internal/child_process.js:226:5)
15 verbose pkgid a2website@1.0.0
16 verbose cwd /home/ubuntu/workspace/udemy_ang2-12/a2website
17 error Linux 4.2.0-c9
18 error argv "/home/ubuntu/.nvm/versions/node/v6.7.0/bin/node" "/home/ubuntu/.nvm/versions/node/v6.7.0/bin/npm" "run" "lite"
19 error node v6.7.0
20 error npm  v3.10.3
21 error code ELIFECYCLE
22 error a2website@1.0.0 lite: `lite-server`
22 error Exit status 1
23 error Failed at the a2website@1.0.0 lite script 'lite-server'.
23 error Make sure you have the latest version of node.js and npm installed.
23 error If you do, this is most likely a problem with the a2website package,
23 error not with npm itself.
23 error Tell the author that this fails on your system:
23 error     lite-server
23 error You can get information on how to open an issue for this project with:
23 error     npm bugs a2website
23 error Or if that isn't available, you can get their info via:
23 error     npm owner ls a2website
23 error There is likely additional logging output above.
24 verbose exit [ 1, true ]
